DEBUG:root:(<frame object at 0x7fbebe7b6048>, '/home/pat/workspace/learninglab/data_sci/py_text_debug_7_main.py', 17, 'a', ['\ts=inspect.stack()\n'], 0)
DEBUG:root:
DEBUG:root:
DEBUG:root:('********************', '/home/pat/workspace/learninglab/data_sci/py_text_debug_7_main.py', ' at line ', 17, ' ', '********************')
DEBUG:root:name                            description                   
DEBUG:root:------------------------------  ------------------------------
DEBUG:root:x                               666                           
DEBUG:root:(<frame object at 0x7f13496b2788>, '/home/pat/workspace/learninglab/data_sci/py_text_debug_7_main.py', 17, 'a', ['\ts=inspect.stack()\n'], 0)
DEBUG:root:
DEBUG:root:
DEBUG:root:('********************', '/home/pat/workspace/learninglab/data_sci/py_text_debug_7_main.py', ' at line ', 17, ' ', '********************')
DEBUG:root:name                            description                   
DEBUG:root:------------------------------  ------------------------------
DEBUG:root:x                               666                           
DEBUG:root:(<frame object at 0x7f13496b2048>, '/home/pat/workspace/learninglab/data_sci/py_text_debug_7_main.py', 13, '__init__', ['\t\tself.instance_var=a(arg)\n'], 0)
DEBUG:root:
DEBUG:root:
DEBUG:root:('********************', '/home/pat/workspace/learninglab/data_sci/py_text_debug_7_main.py', ' at line ', 13, ' ', '********************')
DEBUG:root:name                            description                   
DEBUG:root:------------------------------  ------------------------------
DEBUG:root:arg                             666                           
DEBUG:root:self                            <__main__.MyClass object at 0x7f1349d48470>
